<?xml version="1.0" encoding="UTF-8"?>
<testsuite xmlns:xsi="http://www.w3.org/2001/XMLSchema-instance" xsi:noNamespaceSchemaLocation="https://maven.apache.org/surefire/maven-surefire-plugin/xsd/surefire-test-report-3.0.xsd" version="3.0" name="com.fidelidad.ClienteTest" time="0.02" tests="5" errors="0" skipped="0" failures="0">
  <properties>
[...]
</properties>
  <testcase name="clienteSubeDeNivelConPuntosAcumulados" classname="com.fidelidad.ClienteTest" time="0.002"/>
  <testcase name="clienteRecibeBonusPorTresComprasElMismoDia" classname="com.fidelidad.ClienteTest" time="0.002"/>
  <testcase name="clienteBronceSumaPuntosBaseSinMultiplicador" classname="com.fidelidad.ClienteTest" time="0.002"/>
  <testcase name="clienteConCorreoInvalidoLanzaExcepcion" classname="com.fidelidad.ClienteTest" time="0.004"/>
  <testcase name="clienteSeCreaConValoresInicialesCorrectos" classname="com.fidelidad.ClienteTest" time="0.002"/>
</testsuite>